[16:14:00] [ServerMain/INFO]: [bootstrap] Running Java 25 (Java HotSpot(TM) 64-Bit Server VM 25+37-LTS-3491; Oracle Corporation null) on Windows 11 10.0 (amd64)
[16:14:00] [ServerMain/INFO]: [bootstrap] Loading Paper 1.21.11-100-main@4873e3f (2026-01-29T11:02:49Z) for Minecraft 1.21.11
[16:14:00] [ServerMain/INFO]: [PluginInitializerManager] Initializing plugins...
[16:14:00] [ServerMain/INFO]: [PluginInitializerManager] Initialized 0 plugins
[16:14:03] [ServerMain/INFO]: Environment: Environment[sessionHost=https://sessionserver.mojang.com, servicesHost=https://api.minecraftservices.com, profilesHost=https://api.mojang.com, name=PROD]
[16:14:03] [ServerMain/INFO]: Found new data pack file/bukkit, loading it automatically
[16:14:03] [ServerMain/INFO]: Found new data pack paper, loading it automatically
[16:14:04] [ServerMain/INFO]: No existing world data, creating new world
[16:14:04] [ServerMain/INFO]: Loaded 1470 recipes
[16:14:04] [ServerMain/INFO]: Loaded 1584 advancements
[16:14:04] [ServerMain/INFO]: [ca.spottedleaf.dataconverter.minecraft.datatypes.MCTypeRegistry] Initialising converters for DataConverter...
[16:14:04] [ServerMain/INFO]: [ca.spottedleaf.dataconverter.minecraft.datatypes.MCTypeRegistry] Finished initialising converters for DataConverter in 203,1ms
[16:14:04] [Server thread/INFO]: Starting minecraft server version 1.21.11
[16:14:04] [Server thread/INFO]: Loading properties
[16:14:04] [Server thread/INFO]: This server is running Paper version 1.21.11-100-main@4873e3f (2026-01-29T11:02:49Z) (Implementing API version 1.21.11-R0.1-SNAPSHOT)
[16:14:04] [Server thread/INFO]: [spark] This server bundles the spark profiler. For more information please visit https://docs.papermc.io/paper/profiling
[16:14:04] [Server thread/INFO]: Using 4 threads for Netty based IO
[16:14:04] [Server thread/INFO]: Server Ping Player Sample Count: 12
[16:14:05] [Server thread/INFO]: [MoonriseCommon] Paper is using 4 worker threads, 1 I/O threads
[16:14:05] [Server thread/INFO]: Default game type: SURVIVAL
[16:14:05] [Server thread/INFO]: Generating keypair
[16:14:05] [Server thread/INFO]: Starting Minecraft server on *:25565
[16:14:05] [Server thread/INFO]: Paper: Using Java compression from Velocity.
[16:14:05] [Server thread/INFO]: Paper: Using Java cipher from Velocity.
[16:14:05] [Server thread/INFO]: Server permissions file permissions.yml is empty, ignoring it
[16:14:05] [Server thread/INFO]: Preparing level "world"
[16:14:05] [Server thread/INFO]: Selecting spawn point for world 'minecraft:overworld'...
[16:14:07] [Server thread/INFO]: Selecting spawn point for world 'minecraft:the_nether'...
[16:14:07] [Server thread/INFO]: Selecting spawn point for world 'minecraft:the_end'...
[16:14:07] [Server thread/INFO]: Loading 0 persistent chunks for world 'minecraft:overworld'...
[16:14:07] [Server thread/INFO]: Preparing spawn area: 100%
[16:14:07] [Server thread/INFO]: Prepared spawn area in 1524 ms
[16:14:07] [Server thread/INFO]: Loading 0 persistent chunks for world 'minecraft:the_nether'...
[16:14:07] [Server thread/INFO]: Preparing spawn area: 100%
[16:14:07] [Server thread/INFO]: Prepared spawn area in 64 ms
[16:14:07] [Server thread/INFO]: Loading 0 persistent chunks for world 'minecraft:the_end'...
[16:14:07] [Server thread/INFO]: Preparing spawn area: 100%
[16:14:07] [Server thread/INFO]: Prepared spawn area in 16 ms
[16:14:07] [Server thread/INFO]: Done preparing level "world" (1.736s)
[16:14:07] [Server thread/INFO]: [spark] Starting background profiler...
[16:14:07] [Server thread/INFO]: [spark] The async-profiler engine is not supported for your os/arch (windows11/amd64), so the built-in Java engine will be used instead.
[16:14:07] [Server thread/INFO]: Running delayed init tasks
[16:14:07] [Server thread/INFO]: Done (8.003s)! For help, type "help"
[16:14:55] [User Authenticator #0/INFO]: UUID of player Herupa_ is 4f4f3be7-ee56-4df1-b56f-a1f9d8f7fd68
[16:15:01] [Server thread/INFO]: Herupa_ joined the game
[16:15:01] [Server thread/INFO]: Herupa_[/127.0.0.1:53838] logged in with entity id 37 at ([world]27.5, 78.0, -26.5)
[16:15:37] [Server thread/INFO]: Herupa_ lost connection: Disconnected
[16:15:37] [Server thread/INFO]: Herupa_ left the game
